\BOOKMARK [1][-]{section.1}{Installation}{}% 1
\BOOKMARK [2][-]{subsection.1.1}{Prerequisites}{section.1}% 2
\BOOKMARK [2][-]{subsection.1.2}{Installing\040labscript\040suite}{section.1}% 3
\BOOKMARK [2][-]{subsection.1.3}{Testing\040installation}{section.1}% 4
\BOOKMARK [1][-]{section.2}{Setting\040up\040BLACS/runmanager}{}% 5
\BOOKMARK [1][-]{section.3}{Using\040BLACS/runmanager}{}% 6
\BOOKMARK [1][-]{section.4}{General\040overview\040of\040using\040the\040FPGADevice\040in\040labscript}{}% 7
\BOOKMARK [1][-]{section.5}{Waits}{}% 8
\BOOKMARK [1][-]{section.6}{Shot\040Reps}{}% 9
\BOOKMARK [1][-]{section.7}{Implementation\040details}{}% 10
\BOOKMARK [2][-]{subsection.7.1}{FPGADevice.py}{section.7}% 11
\BOOKMARK [3][-]{subsubsection.7.1.1}{Board\040configuration}{subsection.7.1}% 12
\BOOKMARK [3][-]{subsubsection.7.1.2}{H5\040file\040generation}{subsection.7.1}% 13
\BOOKMARK [3][-]{subsubsection.7.1.3}{Output\040connection\040name/output\040name}{subsection.7.1}% 14
\BOOKMARK [3][-]{subsubsection.7.1.4}{Changing\040chunksize/delays}{subsection.7.1}% 15
\BOOKMARK [2][-]{subsection.7.2}{clock_processing.py}{section.7}% 16
\BOOKMARK [1][-]{section.8}{FPGADeviceWorker}{}% 17
\BOOKMARK [1][-]{section.9}{Troubleshooting}{}% 18
\BOOKMARK [2][-]{subsection.9.1}{``Cannot\040connect\040more\040than\040n\040outputs\040to\040the\040device\040`fpga...'''}{section.9}% 19
\BOOKMARK [2][-]{subsection.9.2}{``The device name … already exists in the Python namespace...''}{section.9}% 20
\BOOKMARK [1][-]{section.10}{Known\040Issues}{}% 21
